<?xml version="1.0" encoding="UTF-8"?>
<testng-results ignored="4" total="9" passed="4" failed="1" skipped="0">
  <reporter-output>
  </reporter-output>
  <suite started-at="2024-02-28T01:34:02 IST" name="Suite" finished-at="2024-02-28T01:36:33 IST" duration-ms="150152">
    <groups>
    </groups>
    <test started-at="2024-02-28T01:34:02 IST" name="Test" finished-at="2024-02-28T01:36:33 IST" duration-ms="150152">
      <class name="qa.Tests.EditTest">
        <test-method signature="EditRequest()[pri:0, instance:qa.Tests.EditTest@4550bb58]" started-at="2024-02-28T01:35:43 IST" name="EditRequest" finished-at="2024-02-28T01:36:32 IST" duration-ms="49330" status="FAIL">
          <exception class="org.openqa.selenium.NoSuchElementException">
            <message>
              <![CDATA[no such element: Unable to locate element: {"method":"xpath","selector":"//*[@id="pr_id_39_list"]/p-dropdownitem[2]/li"}
  (Session info: chrome=122.0.6261.70)
For documentation on this error, please visit: https://www.selenium.dev/documentation/webdriver/troubleshooting/errors#no-such-element-exception
Build info: version: '4.18.0', revision: 'b6bf9de7cc*'
System info: os.name: 'Windows 11', os.arch: 'amd64', os.version: '10.0', java.version: '21.0.1'
Driver info: org.openqa.selenium.chrome.ChromeDriver
Command: [605299c44cd0b4320c7ef360ab05915a, findElement {value=//*[@id="pr_id_39_list"]/p-dropdownitem[2]/li, using=xpath}]
Capabilities {acceptInsecureCerts: false, browserName: chrome, browserVersion: 122.0.6261.70, chrome: {chromedriverVersion: 122.0.6261.94 (880dbf29479c..., userDataDir: C:\Users\Pravin\AppData\Loc...}, fedcm:accounts: true, goog:chromeOptions: {debuggerAddress: localhost:52036}, networkConnectionEnabled: false, pageLoadStrategy: normal, platformName: windows, proxy: Proxy(), se:cdp: ws://localhost:52036/devtoo..., se:cdpVersion: 122.0.6261.70, setWindowRect: true, strictFileInteractability: false, timeouts: {implicit: 0, pageLoad: 300000, script: 30000}, unhandledPromptBehavior: dismiss and notify, webauthn:extension:credBlob: true, webauthn:extension:largeBlob: true, webauthn:extension:minPinLength: true, webauthn:extension:prf: true, webauthn:virtualAuthenticators: true}
Session ID: 605299c44cd0b4320c7ef360ab05915a]]>
            </message>
            <full-stacktrace>
              <![CDATA[org.openqa.selenium.NoSuchElementException: no such element: Unable to locate element: {"method":"xpath","selector":"//*[@id="pr_id_39_list"]/p-dropdownitem[2]/li"}
  (Session info: chrome=122.0.6261.70)
For documentation on this error, please visit: https://www.selenium.dev/documentation/webdriver/troubleshooting/errors#no-such-element-exception
Build info: version: '4.18.0', revision: 'b6bf9de7cc*'
System info: os.name: 'Windows 11', os.arch: 'amd64', os.version: '10.0', java.version: '21.0.1'
Driver info: org.openqa.selenium.chrome.ChromeDriver
Command: [605299c44cd0b4320c7ef360ab05915a, findElement {value=//*[@id="pr_id_39_list"]/p-dropdownitem[2]/li, using=xpath}]
Capabilities {acceptInsecureCerts: false, browserName: chrome, browserVersion: 122.0.6261.70, chrome: {chromedriverVersion: 122.0.6261.94 (880dbf29479c..., userDataDir: C:\Users\Pravin\AppData\Loc...}, fedcm:accounts: true, goog:chromeOptions: {debuggerAddress: localhost:52036}, networkConnectionEnabled: false, pageLoadStrategy: normal, platformName: windows, proxy: Proxy(), se:cdp: ws://localhost:52036/devtoo..., se:cdpVersion: 122.0.6261.70, setWindowRect: true, strictFileInteractability: false, timeouts: {implicit: 0, pageLoad: 300000, script: 30000}, unhandledPromptBehavior: dismiss and notify, webauthn:extension:credBlob: true, webauthn:extension:largeBlob: true, webauthn:extension:minPinLength: true, webauthn:extension:prf: true, webauthn:virtualAuthenticators: true}
Session ID: 605299c44cd0b4320c7ef360ab05915a
at java.base/jdk.internal.reflect.DirectConstructorHandleAccessor.newInstance(DirectConstructorHandleAccessor.java:62)
at java.base/java.lang.reflect.Constructor.newInstanceWithCaller(Constructor.java:502)
at java.base/java.lang.reflect.Constructor.newInstance(Constructor.java:486)
at org.openqa.selenium.remote.ErrorCodec.decode(ErrorCodec.java:167)
at org.openqa.selenium.remote.codec.w3c.W3CHttpResponseCodec.decode(W3CHttpResponseCodec.java:138)
at org.openqa.selenium.remote.codec.w3c.W3CHttpResponseCodec.decode(W3CHttpResponseCodec.java:50)
at org.openqa.selenium.remote.HttpCommandExecutor.execute(HttpCommandExecutor.java:190)
at org.openqa.selenium.remote.service.DriverCommandExecutor.invokeExecute(DriverCommandExecutor.java:216)
at org.openqa.selenium.remote.service.DriverCommandExecutor.execute(DriverCommandExecutor.java:174)
at org.openqa.selenium.remote.RemoteWebDriver.execute(RemoteWebDriver.java:519)
at org.openqa.selenium.remote.ElementLocation$ElementFinder$2.findElement(ElementLocation.java:165)
at org.openqa.selenium.remote.ElementLocation.findElement(ElementLocation.java:59)
at org.openqa.selenium.remote.RemoteWebDriver.findElement(RemoteWebDriver.java:356)
at org.openqa.selenium.remote.RemoteWebDriver.findElement(RemoteWebDriver.java:350)
at utils.ElementFetch.getWebElement(ElementFetch.java:16)
at pageEvents.EditEvents.EditRequestEvents(EditEvents.java:58)
at qa.Tests.EditTest.EditRequest(EditTest.java:39)
at java.base/jdk.internal.reflect.DirectMethodHandleAccessor.invoke(DirectMethodHandleAccessor.java:103)
at java.base/java.lang.reflect.Method.invoke(Method.java:580)
at org.testng.internal.MethodInvocationHelper.invokeMethod(MethodInvocationHelper.java:133)
at org.testng.internal.TestInvoker.invokeMethod(TestInvoker.java:598)
at org.testng.internal.TestInvoker.invokeTestMethod(TestInvoker.java:173)
at org.testng.internal.MethodRunner.runInSequence(MethodRunner.java:46)
at org.testng.internal.TestInvoker$MethodInvocationAgent.invoke(TestInvoker.java:824)
at org.testng.internal.TestInvoker.invokeTestMethods(TestInvoker.java:146)
at org.testng.internal.TestMethodWorker.invokeTestMethods(TestMethodWorker.java:146)
at org.testng.internal.TestMethodWorker.run(TestMethodWorker.java:128)
at java.base/java.util.ArrayList.forEach(ArrayList.java:1596)
at org.testng.TestRunner.privateRun(TestRunner.java:794)
at org.testng.TestRunner.run(TestRunner.java:596)
at org.testng.SuiteRunner.runTest(SuiteRunner.java:377)
at org.testng.SuiteRunner.runSequentially(SuiteRunner.java:371)
at org.testng.SuiteRunner.privateRun(SuiteRunner.java:332)
at org.testng.SuiteRunner.run(SuiteRunner.java:276)
at org.testng.SuiteRunnerWorker.runSuite(SuiteRunnerWorker.java:53)
at org.testng.SuiteRunnerWorker.run(SuiteRunnerWorker.java:96)
at org.testng.TestNG.runSuitesSequentially(TestNG.java:1212)
at org.testng.TestNG.runSuitesLocally(TestNG.java:1134)
at org.testng.TestNG.runSuites(TestNG.java:1063)
at org.testng.TestNG.run(TestNG.java:1031)
at org.testng.remote.AbstractRemoteTestNG.run(AbstractRemoteTestNG.java:115)
at org.testng.remote.RemoteTestNG.initAndRun(RemoteTestNG.java:251)
at org.testng.remote.RemoteTestNG.main(RemoteTestNG.java:77)
]]>
            </full-stacktrace>
          </exception> <!-- org.openqa.selenium.NoSuchElementException -->
          <reporter-output>
          </reporter-output>
        </test-method> <!-- EditRequest -->
        <test-method is-config="true" signature="initialize()[pri:0, instance:qa.Tests.EditTest@4550bb58]" started-at="2024-02-28T01:35:43 IST" name="initialize" finished-at="2024-02-28T01:35:43 IST" duration-ms="0" status="PASS">
          <reporter-output>
          </reporter-output>
        </test-method> <!-- initialize -->
        <test-method is-config="true" signature="finish()[pri:0, instance:qa.Tests.EditTest@4550bb58]" started-at="2024-02-28T01:36:33 IST" name="finish" finished-at="2024-02-28T01:36:33 IST" duration-ms="39" status="PASS">
          <reporter-output>
          </reporter-output>
        </test-method> <!-- finish -->
      </class> <!-- qa.Tests.EditTest -->
      <class name="qa.Tests.LoginTest">
        <test-method is-config="true" signature="beforeMethodMethod(java.lang.String)[pri:0, instance:qa.Tests.LoginTest@436813f3]" started-at="2024-02-28T01:34:02 IST" name="beforeMethodMethod" finished-at="2024-02-28T01:34:12 IST" duration-ms="9176" status="PASS">
          <params>
            <param index="0">
              <value>
                <![CDATA[chrome]]>
              </value>
            </param>
          </params>
          <reporter-output>
          </reporter-output>
        </test-method> <!-- beforeMethodMethod -->
        <test-method is-config="true" signature="initialize()[pri:0, instance:qa.Tests.LoginTest@436813f3]" started-at="2024-02-28T01:34:12 IST" name="initialize" finished-at="2024-02-28T01:34:12 IST" duration-ms="468" status="PASS">
          <reporter-output>
          </reporter-output>
        </test-method> <!-- initialize -->
        <test-method signature="InvalidLogintest()[pri:1, instance:qa.Tests.LoginTest@436813f3]" started-at="2024-02-28T01:34:12 IST" name="InvalidLogintest" finished-at="2024-02-28T01:34:27 IST" duration-ms="14742" status="PASS">
          <reporter-output>
          </reporter-output>
        </test-method> <!-- InvalidLogintest -->
        <test-method is-config="true" signature="finish()[pri:0, instance:qa.Tests.LoginTest@436813f3]" started-at="2024-02-28T01:34:27 IST" name="finish" finished-at="2024-02-28T01:34:27 IST" duration-ms="599" status="PASS">
          <reporter-output>
          </reporter-output>
        </test-method> <!-- finish -->
      </class> <!-- qa.Tests.LoginTest -->
      <class name="qa.Tests.ValidLoginTest">
        <test-method is-config="true" signature="initialize()[pri:0, instance:qa.Tests.ValidLoginTest@2b662a77]" started-at="2024-02-28T01:34:27 IST" name="initialize" finished-at="2024-02-28T01:34:27 IST" duration-ms="0" status="PASS">
          <reporter-output>
          </reporter-output>
        </test-method> <!-- initialize -->
        <test-method signature="ValidLogintest()[pri:2, instance:qa.Tests.ValidLoginTest@2b662a77]" started-at="2024-02-28T01:34:27 IST" name="ValidLogintest" finished-at="2024-02-28T01:34:34 IST" duration-ms="6699" status="PASS">
          <reporter-output>
          </reporter-output>
        </test-method> <!-- ValidLogintest -->
        <test-method is-config="true" signature="finish()[pri:0, instance:qa.Tests.ValidLoginTest@2b662a77]" started-at="2024-02-28T01:34:34 IST" name="finish" finished-at="2024-02-28T01:34:34 IST" duration-ms="63" status="PASS">
          <reporter-output>
          </reporter-output>
        </test-method> <!-- finish -->
      </class> <!-- qa.Tests.ValidLoginTest -->
      <class name="qa.Tests.MyAccountTest">
        <test-method signature="MyAccount()[pri:3, instance:qa.Tests.MyAccountTest@5c33f1a9]" started-at="2024-02-28T01:34:34 IST" name="MyAccount" finished-at="2024-02-28T01:34:51 IST" duration-ms="16482" status="PASS">
          <reporter-output>
          </reporter-output>
        </test-method> <!-- MyAccount -->
        <test-method is-config="true" signature="initialize()[pri:0, instance:qa.Tests.MyAccountTest@5c33f1a9]" started-at="2024-02-28T01:34:34 IST" name="initialize" finished-at="2024-02-28T01:34:34 IST" duration-ms="0" status="PASS">
          <reporter-output>
          </reporter-output>
        </test-method> <!-- initialize -->
        <test-method is-config="true" signature="finish()[pri:0, instance:qa.Tests.MyAccountTest@5c33f1a9]" started-at="2024-02-28T01:34:51 IST" name="finish" finished-at="2024-02-28T01:34:51 IST" duration-ms="47" status="PASS">
          <reporter-output>
          </reporter-output>
        </test-method> <!-- finish -->
      </class> <!-- qa.Tests.MyAccountTest -->
      <class name="qa.Tests.CalendarRequest">
        <test-method signature="CreateRequest()[pri:0, instance:qa.Tests.CalendarRequest@c8c12ac]" started-at="2024-02-28T01:34:51 IST" name="CreateRequest" finished-at="2024-02-28T01:35:43 IST" duration-ms="52360" status="PASS">
          <reporter-output>
          </reporter-output>
        </test-method> <!-- CreateRequest -->
        <test-method is-config="true" signature="initialize()[pri:0, instance:qa.Tests.CalendarRequest@c8c12ac]" started-at="2024-02-28T01:34:51 IST" name="initialize" finished-at="2024-02-28T01:34:51 IST" duration-ms="0" status="PASS">
          <reporter-output>
          </reporter-output>
        </test-method> <!-- initialize -->
        <test-method is-config="true" signature="finish()[pri:0, instance:qa.Tests.CalendarRequest@c8c12ac]" started-at="2024-02-28T01:35:43 IST" name="finish" finished-at="2024-02-28T01:35:43 IST" duration-ms="37" status="PASS">
          <reporter-output>
          </reporter-output>
        </test-method> <!-- finish -->
      </class> <!-- qa.Tests.CalendarRequest -->
    </test> <!-- Test -->
  </suite> <!-- Suite -->
</testng-results>
